<?xml version="1.0" encoding="UTF-8"?>
<!-- Generated by org.testng.reporters.JUnitXMLReporter -->
<testsuite ignored="4" hostname="sundars-MacBook-Air.local" failures="0" tests="1" name="ChromeTest2" time="47.435" errors="0" timestamp="2024-09-04T21:46:58 IST">
  <testcase classname="mavenframework.DealsdrayAppTest" name="Launchapp" time="5.015"/>
  <testcase classname="mavenframework.DealsdrayAppTest" name="verifyloginlogoisdisplayed" time="0.0">
    <ignored/>
  </testcase> <!-- verifyloginlogoisdisplayed -->
  <testcase classname="mavenframework.DealsdrayAppTest" name="verifyloginerrormessage" time="0.0">
    <ignored/>
  </testcase> <!-- verifyloginerrormessage -->
  <testcase classname="mavenframework.DealsdrayAppTest" name="Logintoapp" time="0.0">
    <ignored/>
  </testcase> <!-- Logintoapp -->
  <testcase classname="mavenframework.DealsdrayAppTest" name="verifypagetitle" time="0.0">
    <ignored/>
  </testcase> <!-- verifypagetitle -->
</testsuite> <!-- ChromeTest2 -->
