<?xml version="1.0" encoding="UTF-8"?>
<!-- Generated by org.testng.reporters.JUnitXMLReporter -->
<testsuite ignored="4" hostname="sundars-MacBook-Air.local" failures="0" tests="1" name="FirefoxTest" time="16.395" errors="0" timestamp="2024-09-04T20:48:46 IST">
  <testcase classname="mavenframework.DealsdrayAppTest" name="Launchapp" time="5.051"/>
  <testcase classname="mavenframework.DealsdrayAppTest" name="verifypagetitle" time="0.0">
    <ignored/>
  </testcase> <!-- verifypagetitle -->
  <testcase classname="mavenframework.DealsdrayAppTest" name="Logintoapp" time="0.0">
    <ignored/>
  </testcase> <!-- Logintoapp -->
  <testcase classname="mavenframework.DealsdrayAppTest" name="verifyloginlogoisdisplayed" time="0.0">
    <ignored/>
  </testcase> <!-- verifyloginlogoisdisplayed -->
  <testcase classname="mavenframework.DealsdrayAppTest" name="verifyloginerrormessage" time="0.0">
    <ignored/>
  </testcase> <!-- verifyloginerrormessage -->
</testsuite> <!-- FirefoxTest -->
